<?xml version="1.0" encoding="UTF-8"?>
<!-- Generated by org.testng.reporters.JUnitReportReporter -->
<testsuite hostname="DESKTOP-22RMHSD" failures="0" tests="2" name="task.MasterPage" time="15.594" errors="0" timestamp="2024-09-12T15:59:39 IST" skipped="0">
  <testcase classname="task.MasterPage" name="Check_Status" time="4.101"/>
  <system-out/>
  <testcase classname="task.MasterPage" name="register_Page" time="11.493"/>
  <system-out/>
</testsuite> <!-- task.MasterPage -->
