<?xml version="1.0" encoding="UTF-8"?>
<!-- Generated by org.testng.reporters.JUnitReportReporter -->
<testsuite hostname="DESKTOP-22RMHSD" failures="0" tests="3" name="TestNG.TestNG3" time="0.037" errors="0" timestamp="2024-08-20T12:07:40 IST" skipped="0">
  <testcase classname="TestNG.TestNG3" name="a" time="0.024"/>
  <system-out/>
  <testcase classname="TestNG.TestNG3" name="d" time="0.005"/>
  <system-out/>
  <testcase classname="TestNG.TestNG3" name="b" time="0.008"/>
  <system-out/>
</testsuite> <!-- TestNG.TestNG3 -->
