<?xml version="1.0" encoding="UTF-8"?>
<!-- Generated by org.testng.reporters.JUnitReportReporter -->
<testsuite hostname="DESKTOP-22RMHSD" failures="0" tests="1" name="TestNG.Tests" time="0.020" errors="0" timestamp="2024-08-19T16:23:12 IST" skipped="0">
  <testcase classname="TestNG.Tests" name="a" time="0.020"/>
  <system-out/>
</testsuite> <!-- TestNG.Tests -->
