<?xml version="1.0" encoding="UTF-8"?>
<!-- Generated by org.testng.reporters.JUnitReportReporter -->
<testsuite hostname="DESKTOP-22RMHSD" failures="0" tests="1" name="TestNG.Assertion1" time="3.225" errors="0" timestamp="21 Aug 2024 07:53:46 GMT">
  <testcase classname="TestNG.Assertion1" name="testCase1" time="3.225"/>
</testsuite> <!-- TestNG.Assertion1 -->
